  choose_maze.cpp
  choose_person.cpp
C:\Users\Simon\Desktop\编程\小学期游戏\maze_game\maze_game\global_constant.h(2,10): error C1083:  无法打开包括文件: “graphics.h”: No such file or directory
  create_maze.cpp
C:\Users\Simon\Desktop\编程\小学期游戏\maze_game\maze_game\global_constant.h(2,10): error C1083:  无法打开包括文件: “graphics.h”: No such file or directory
  game_page.cpp
C:\Users\Simon\Desktop\编程\小学期游戏\maze_game\maze_game\create_maze.h(2,10): error C1083:  无法打开包括文件: “graphics.h”: No such file or directory
  get_through_path.cpp
C:\Users\Simon\Desktop\编程\小学期游戏\maze_game\maze_game\create_maze.h(2,10): error C1083:  无法打开包括文件: “graphics.h”: No such file or directory
  home_page.cpp
C:\Users\Simon\Desktop\编程\小学期游戏\maze_game\maze_game\global_constant.h(2,10): error C1083:  无法打开包括文件: “graphics.h”: No such file or directory
  maze_game.cpp
C:\Users\Simon\Desktop\编程\小学期游戏\maze_game\maze_game\home_page.h(2,10): error C1083:  无法打开包括文件: “graphics.h”: No such file or directory
  money.cpp
  person.cpp
  set_page.cpp
C:\Users\Simon\Desktop\编程\小学期游戏\maze_game\maze_game\global_constant.h(2,10): error C1083:  无法打开包括文件: “graphics.h”: No such file or directory
  skills.cpp
C:\Users\Simon\Desktop\编程\小学期游戏\maze_game\maze_game\set_page.h(5,10): error C1083:  无法打开包括文件: “graphics.h”: No such file or directory
  start.cpp
C:\Users\Simon\Desktop\编程\小学期游戏\maze_game\maze_game\global_constant.h(2,10): error C1083:  无法打开包括文件: “graphics.h”: No such file or directory
  store.cpp
C:\Users\Simon\Desktop\编程\小学期游戏\maze_game\maze_game\start.h(2,10): error C1083:  无法打开包括文件: “graphics.h”: No such file or directory
  正在生成代码...
C:\Users\Simon\Desktop\编程\小学期游戏\maze_game\maze_game\global_constant.h(2,10): error C1083:  无法打开包括文件: “graphics.h”: No such file or directory
